<?xml version="1.0" encoding="UTF-8"?>
<!-- Generated by org.testng.reporters.JUnitXMLReporter -->
<testsuite ignored="0" hostname="apples-MacBook-Pro-3.local" failures="0" tests="4" name="Default test" time="17.867" errors="0" timestamp="2020-04-26T17:58:32 IST">
  <testcase classname="Tests.Test1" name="setCsrfToken" time="5.384"/>
  <testcase classname="Tests.Test1" name="loginWithEmail" time="6.085"/>
  <testcase classname="Tests.Test1" name="uploadFile" time="3.463"/>
  <testcase classname="Tests.Test1" name="createNoteForAttachments" time="2.879"/>
</testsuite> <!-- Default test -->
