<?xml version="1.0" encoding="UTF-8"?>
<!-- Generated by org.testng.reporters.JUnitXMLReporter -->
<testsuite ignored="11" hostname="apples-MacBook-Pro-3.local" failures="3" tests="3" name="mobileFinance" time="10.147" errors="0" timestamp="2020-05-31T12:19:28 IST">
  <testcase classname="com.sentieo.mobile.MobileFinanceApi" name="fetchLivePrice" time="2.36">
    <failure type="java.lang.AssertionError" message="expected [100] but found [200]">
      <![CDATA[java.lang.AssertionError: expected [100] but found [200]
at com.sentieo.mobile.MobileFinanceApi.fetchLivePrice(MobileFinanceApi.java:310)
at java.base/java.util.concurrent.ThreadPoolExecutor.runWorker(ThreadPoolExecutor.java:1128)
at java.base/java.util.concurrent.ThreadPoolExecutor$Worker.run(ThreadPoolExecutor.java:628)
at java.base/java.lang.Thread.run(Thread.java:834)
... Removed 17 stack frames]]>
    </failure>
  </testcase> <!-- fetchLivePrice -->
  <testcase classname="com.sentieo.mobile.MobileFinanceApi" name="fetchLivePrice" time="1.524">
    <failure type="java.lang.AssertionError" message="expected [100] but found [200]">
      <![CDATA[java.lang.AssertionError: expected [100] but found [200]
at com.sentieo.mobile.MobileFinanceApi.fetchLivePrice(MobileFinanceApi.java:310)
at java.base/java.util.concurrent.ThreadPoolExecutor.runWorker(ThreadPoolExecutor.java:1128)
at java.base/java.util.concurrent.ThreadPoolExecutor$Worker.run(ThreadPoolExecutor.java:628)
at java.base/java.lang.Thread.run(Thread.java:834)
... Removed 17 stack frames]]>
    </failure>
  </testcase> <!-- fetchLivePrice -->
  <testcase classname="com.sentieo.mobile.MobileFinanceApi" name="fetchLivePrice" time="1.722">
    <failure type="java.lang.AssertionError" message="expected [100] but found [200]">
      <![CDATA[java.lang.AssertionError: expected [100] but found [200]
at com.sentieo.mobile.MobileFinanceApi.fetchLivePrice(MobileFinanceApi.java:310)
at java.base/java.util.concurrent.ThreadPoolExecutor.runWorker(ThreadPoolExecutor.java:1128)
at java.base/java.util.concurrent.ThreadPoolExecutor$Worker.run(ThreadPoolExecutor.java:628)
at java.base/java.lang.Thread.run(Thread.java:834)
... Removed 17 stack frames]]>
    </failure>
  </testcase> <!-- fetchLivePrice -->
  <testcase classname="com.sentieo.mobile.MobileFinanceApi" name="mobileStockData" time="0.0">
    <ignored/>
  </testcase> <!-- mobileStockData -->
  <testcase classname="com.sentieo.mobile.MobileFinanceApi" name="fetchGraphDataYearlyChart" time="0.0">
    <ignored/>
  </testcase> <!-- fetchGraphDataYearlyChart -->
  <testcase classname="com.sentieo.mobile.MobileFinanceApi" name="comparableSearch" time="0.0">
    <ignored/>
  </testcase> <!-- comparableSearch -->
  <testcase classname="com.sentieo.mobile.MobileFinanceApi" name="financialStatement1" time="0.0">
    <ignored/>
  </testcase> <!-- financialStatement1 -->
  <testcase classname="com.sentieo.mobile.MobileFinanceApi" name="fetchGraphDataFinMatrices" time="0.0">
    <ignored/>
  </testcase> <!-- fetchGraphDataFinMatrices -->
  <testcase classname="com.sentieo.mobile.MobileFinanceApi" name="financialStatement" time="0.0">
    <ignored/>
  </testcase> <!-- financialStatement -->
  <testcase classname="com.sentieo.mobile.MobileFinanceApi" name="fetchGraphDataPriceChart" time="0.0">
    <ignored/>
  </testcase> <!-- fetchGraphDataPriceChart -->
  <testcase classname="com.sentieo.mobile.MobileFinanceApi" name="fetchValueTable" time="0.0">
    <ignored/>
  </testcase> <!-- fetchValueTable -->
  <testcase classname="com.sentieo.mobile.MobileFinanceApi" name="fetchPastIntra" time="0.0">
    <ignored/>
  </testcase> <!-- fetchPastIntra -->
  <testcase classname="com.sentieo.mobile.MobileFinanceApi" name="financialModel" time="0.0">
    <ignored/>
  </testcase> <!-- financialModel -->
  <testcase classname="com.sentieo.mobile.MobileFinanceApi" name="fetchGraphDataEstimateTrends" time="0.0">
    <ignored/>
  </testcase> <!-- fetchGraphDataEstimateTrends -->
</testsuite> <!-- mobileFinance -->
